Array
(
    [nome] => Sabrina dos S. Oliveira
    [email] => sabrinaoliveira.programadora@gmail.com
    [assunto] => Ol치
    [data] => 24/09/2025 21:38:27
)

Array
(
    [nome] => Luisa Santos
    [email] => teste@gmail.com
    [assunto] => Ol치
    [data] => 24/09/2025 21:48:18
)

Array
(
    [nome] => Sabrina dos S. Oliveira
    [email] => sabrinaoliveira.programadora@gmail.com
    [assunto] => Ol치
    [data] => 24/09/2025 23:32:40
)

Array
(
    [nome] => Sabrina dos S. Oliveiradere 
    [email] => sabrinaoliveira.programadora@gmail.com
    [assunto] => Ol치
    [data] => 24/09/2025 23:33:19
)

